1067844.json	13	15
1098425.json	3	4
1324601.json	9	8
1458876.json	16	14
150055.json	10	12
165584.json	1	2
167822.json	8	7
1738762.json	14	13
1745169.json	6	5
1776280.json	7	5
215872.json	5	6
256493.json	2	4
257650.json	3	1
351867.json	7	9
39604.json	6	5
45866.json	11	7
509588.json	4	6
5166.json	18	16
548039.json	3	2
613324.json	14	16
632894.json	10	8
65558.json	7	5
670849.json	7	5
687013.json	6	4
69439.json	8	10
1709546.json	8	7
1709546.json	5	4
1709546.json	6	5
1709546.json	8	7
1709546.json	5	4
1709546.json	6	5
9181.json	12	11
9181.json	7	6
1067844.json	13	15
1098425.json	3	4
1324601.json	9	8
1458876.json	16	14
1709546.json	11	9
1709546.json	9	7
1709546.json	7	5
9181.json	17	16
9181.json	8	7
2180.json	1	0
2180.json	3	4
2181.json	1	0
2181.json	3	4
2253.json	3	2
2253.json	1	2
2254.json	3	2
2254.json	2	3
2255.json	3	2
2255.json	3	4
2695.json	1	0
2695.json	3	4
2696.json	1	0
2696.json	3	4
2794.json	3	2
2794.json	1	2
2795.json	3	2
2795.json	2	3
2796.json	3	2
2796.json	3	4
998067.json	2	7
998067.json	2	4
998067.json	3	2
998067.json	6	5
998067.json	1	0
998067.json	2	1
998067.json	3	2
998067.json	1	0
998067.json	4	3
998067.json	4	3
998067.json	2	4
998067.json	3	2
998067.json	1	2
998067.json	1	0
998067.json	2	3
998067.json	1	2
998067.json	2	7
998067.json	2	4
998067.json	3	2
998067.json	6	5
998067.json	1	0
998067.json	2	1
998067.json	3	2
998067.json	1	0
998067.json	4	3
998067.json	4	3
998067.json	2	4
998067.json	3	2
998067.json	1	2
998067.json	1	0
998067.json	2	3
998067.json	1	2
998067.json	2	7
998067.json	2	4
998067.json	3	2
998067.json	6	5
998067.json	1	0
998067.json	2	1
998067.json	3	2
998067.json	1	0
998067.json	4	3
998067.json	4	3
998067.json	2	4
998067.json	3	2
998067.json	1	2
998067.json	1	0
998067.json	2	3
998067.json	1	2
1067844.json	7	8
1098425.json	3	4
1324601.json	7	6
1458876.json	8	7
150055.json	6	7
165584.json	2	3
167822.json	6	5
1738762.json	9	8
1745169.json	6	5
1776280.json	4	3
215872.json	5	6
256493.json	1	2
257650.json	2	1
351867.json	4	5
45866.json	7	5
509588.json	2	3
5166.json	12	11
548039.json	2	1
613324.json	7	8
632894.json	7	6
65558.json	4	3
670849.json	4	3
687013.json	5	4
69439.json	6	7
727015.json	4	5
729494.json	2	3
744749.json	5	4
744749.json	7	6
744749.json	4	3
789283.json	10	9
794172.json	7	8
82883.json	5	4
85361.json	5	6
963277.json	9	10
96924.json	4	3
96924.json	6	5
1067844.json	11	13
1098425.json	3	4
1324601.json	6	5
1458876.json	16	14
150055.json	10	12
165584.json	1	2
167822.json	8	7
1738762.json	14	13
1776280.json	7	5
215872.json	3	4
256493.json	2	4
257650.json	3	1
351867.json	6	8
39604.json	4	3
45866.json	10	6
509588.json	4	6
5166.json	16	14
548039.json	2	1
613324.json	14	16
632894.json	10	8
65558.json	7	5
670849.json	5	3
687013.json	3	1
69439.json	5	7
727015.json	6	7
729494.json	2	4
744749.json	6	4
744749.json	10	8
744749.json	4	2
789283.json	11	9
794172.json	10	11
82883.json	6	4
85361.json	4	5
963277.json	10	11
96924.json	3	1
96924.json	8	6
1067844.json	11	13
1067844.json	11	13
1067844.json	11	13
1067844.json	6	7
1067844.json	6	7
1067844.json	6	7
1067844.json	6	7
1067844.json	11	13
1067844.json	11	13
1067844.json	11	13
1067844.json	11	13
1098425.json	3	4
1324601.json	6	5
1458876.json	16	14
150055.json	10	12
165584.json	1	2
1067844.json	11	13
1098425.json	3	4
1324601.json	6	5
1458876.json	16	14
150055.json	10	12
165584.json	1	2
165584.json	1	2
165584.json	1	2
165584.json	1	2
165584.json	1	2
165584.json	1	2
165584.json	1	2
165584.json	1	2
165584.json	1	2
100225.json	10	8
1004251.json	8	9
100225.json	10	8
1004251.json	8	9
100225.json	10	8
1004251.json	8	9
103812_2.json	8	9
103862.json	3	5
106784.json	11	10
1070809.json	4	3
1098425.json	3	4
1101328.json	4	3
1104423.json	30	29
1124572.json	4	6
112672.json	21	19
12519.json	14	13
128472.json	11	9
128472.json	6	4
1324601.json	6	5
1333449.json	3	4
134321.json	5	6
134642.json	9	7
1377144.json	11	12
1396728.json	7	8
1396728.json	1	3
1414976.json	16	18
1434506.json	7	8
145835.json	5	6
1458876.json	16	14
150761.json	9	8
151813.json	14	16
151813.json	16	18
157121.json	3	2
1583367.json	3	4
1591442.json	3	4
1607240.json	6	5
1607240.json	4	3
165230.json	5	6
1731637.json	4	2
175851.json	3	5
1776280.json	7	5
234317.json	3	2
234994.json	12	10
243156.json	9	10
243860.json	9	10
252264.json	6	4
256400.json	4	2
257650.json	9	10
292776.json	8	6
294040.json	7	6
307662.json	5	6
337834.json	4	3
345104.json	22	20
35772.json	2	1
365134.json	8	7
37796.json	8	6
39604.json	4	3
400107.json	18	16
48682.json	15	13
509588.json	4	6
536345.json	9	11
539341.json	27	25
54127.json	13	15
565755.json	7	6
610952.json	8	7
610952.json	9	8
616372.json	10	12
61693.json	8	9
624182.json	4	6
631108.json	12	13
632894.json	10	8
638089.json	3	5
703894.json	7	8
713447.json	6	4
713447.json	3	2
727015.json	6	4
729494.json	2	4
744749.json	6	4
744749.json	10	8
744749.json	4	2
751888.json	7	6
789283.json	11	9
794172.json	8	10
794172.json	10	11
846093.json	11	10
85361.json	4	5
86630.json	3	1
86740.json	6	5
929328.json	11	10
929328.json	4	6
9444.json	3	2
963277.json	0	2
96924.json	3	1
96924.json	8	6
970142.json	21	20
993520.json	6	5
1098425.json	3	4
1324601.json	6	5
1458876.json	16	14
1776280.json	7	5
39604.json	4	3
509588.json	4	6
632894.json	10	8
729494.json	2	4
744749.json	6	4
744749.json	10	8
744749.json	4	2
789283.json	11	9
794172.json	10	11
85361.json	4	5
96924.json	3	1
96924.json	8	6
1324601.json	6	5
1458876.json	16	14
39604.json	4	3
632894.json	10	8
729494.json	2	4
744749.json	6	4
744749.json	10	8
744749.json	4	2
789283.json	11	9
794172.json	10	11
85361.json	4	5
96924.json	3	1
96924.json	8	6
1324601.json	6	5
1458876.json	16	14
39604.json	4	3
632894.json	10	8
729494.json	2	4
744749.json	6	4
744749.json	10	8
744749.json	4	2
789283.json	11	9
794172.json	10	11
85361.json	4	5
96924.json	3	1
96924.json	8	6
1324601.json	6	5
1458876.json	16	14
39604.json	4	3
632894.json	10	8
729494.json	2	4
744749.json	6	4
744749.json	10	8
744749.json	4	2
789283.json	11	9
794172.json	10	11
85361.json	4	5
96924.json	3	1
96924.json	8	6
39604.json	4	3
39604.json	4	3
1324601.json	6	5
1458876.json	16	14
744749.json	6	4
744749.json	10	8
744749.json	4	2
789283.json	11	9
794172.json	10	11
85361.json	4	5
96924.json	3	1
96924.json	8	6
96924.json	3	1
96924.json	8	6
794172.json	10	11
789283.json	11	9
744749.json	6	4
744749.json	10	8
744749.json	4	2
1324601.json	6	5
1745169.json	6	5
1458876.json	16	14
1709546.json	11	9
1709546.json	9	7
1709546.json	7	5
9181.json	17	16
9181.json	8	7
96924.json	5	3
96924.json	9	7
794172.json	13	14
789283.json	12	10
744749.json	6	4
744749.json	10	8
744749.json	4	2
794172.json	13	14
789283.json	12	10
744749.json	6	4
744749.json	10	8
744749.json	4	2
1324601.json	9	8
96924.json	5	3
96924.json	9	7
1745169.json	6	5
1458876.json	16	14
1458876.json	16	14
794172.json	13	14
789283.json	11	9
744749.json	6	4
744749.json	10	8
744749.json	4	2
1324601.json	8	7
96924.json	5	3
96924.json	9	7
794172.json	13	14
789283.json	11	9
744749.json	6	4
744749.json	10	8
744749.json	4	2
1324601.json	8	7
96924.json	5	3
96924.json	9	7
1458876.json	16	14
1745169.json	6	5
1458876.json	16	14
794172.json	13	14
789283.json	12	10
744749.json	6	4
744749.json	10	8
744749.json	4	2
1324601.json	9	8
96924.json	5	3
96924.json	9	7
1745169.json	6	5
1458876.json	16	14
794172.json	13	14
789283.json	12	10
744749.json	6	4
744749.json	10	8
744749.json	4	2
1324601.json	9	8
96924.json	5	3
96924.json	9	7
9181.json	12	11
9181.json	7	6
1709546.json	8	7
1709546.json	5	4
1709546.json	6	5
9181.json	17	16
9181.json	8	7
1709546.json	11	9
1709546.json	9	7
1709546.json	7	5
9181.json	17	16
9181.json	8	7
1709546.json	11	9
1709546.json	9	7
1709546.json	7	5
1709546-1.json	11	9
1709546-2.json	8	7
1709546-2.json	6	5
9181-1.json	17	16
9181-1.json	8	7
734685.json	14	11
734685.json	3	4
734685.json	1	2
734685.json	8	10
734685.json	7	3
734685.json	5	6
734685.json	6	3
734685.json	5	0
734685.json	5	8
734685.json	7	5
734685.json	4	2
734685.json	2	3
734685.json	4	6
734685.json	4	5
734685.json	5	6
734685.json	3	4
72061.json	2	3
72061.json	9	11
72061.json	5	3
72061.json	6	7
72061.json	9	7
72061.json	14	11
344384.json	8	9
344384.json	4	3
344384.json	5	4
344384.json	6	1
344384.json	2	7
344384.json	7	6
344384.json	8	4
247635.json	6	3
247635.json	3	2
247635.json	7	6
247635.json	2	1
247635.json	9	13
39380.json	8	6
39380.json	3	4
39380.json	2	1
39380.json	4	3
39380.json	2	4
39380.json	3	1
39380.json	2	0
39380.json	11	9
39380.json	5	2
39380.json	13	15
39380.json	21	17
39380.json	8	7
39380.json	1	3
39380.json	12	10
39380.json	0	3
1631129.json	1	2
1631129.json	1	0
326248.json	7	4
326248.json	3	5
326248.json	1	2
326248.json	12	7
326248.json	1	2
326248.json	12	11
326248.json	7	4
326248.json	6	5
326248.json	4	5
326248.json	10	9
326248.json	5	3
326248.json	7	0
326248.json	4	6
326248.json	8	12
326248.json	3	1
326248.json	4	5
481087.json	3	2
481087.json	4	2
481087.json	3	4
481087.json	0	1
481087.json	6	7
481087.json	5	0
481087.json	4	2
481087.json	9	8
481087.json	7	6
481087.json	4	1
481087.json	3	4
481087.json	9	7
481087.json	2	1
481087.json	2	3
481087.json	3	4
481087.json	10	7
1112469.json	7	5
1112469.json	8	4
1112469.json	0	2
1112469.json	8	9
1112469.json	3	1
1112469.json	4	2
67496.json	8	5
67496.json	2	1
67496.json	4	3
67496.json	7	9
67496.json	4	7
67496.json	5	6
67496.json	1	2
67496.json	2	3
189281.json	1	0
189281.json	3	4
189281.json	6	7
189281.json	6	5
189281.json	5	7
189281.json	2	3
189281.json	2	0
189281.json	2	3
189281.json	5	3
189281.json	4	3
189281.json	2	0
189281.json	2	3
189281.json	3	1
189281.json	3	2
189281.json	2	1
189281.json	0	2
130276.json	4	0
130276.json	11	8
130276.json	6	11
130276.json	3	4
130276.json	15	16
130276.json	9	6
130276.json	8	3
130276.json	8	11
440576.json	8	6
440576.json	4	6
440576.json	1	5
440576.json	10	12
440576.json	11	10
440576.json	2	1
440576.json	2	4
440576.json	1	0
440576.json	1	2
440576.json	2	3
440576.json	4	3
440576.json	3	2
440576.json	5	6
440576.json	3	8
440576.json	6	5
440576.json	1	3
300687.json	1	3
300687.json	8	5
300687.json	8	5
300687.json	3	4
300687.json	3	2
300687.json	8	10
300687.json	7	10
300687.json	3	4
520457.json	3	5
520457.json	13	10
520457.json	28	35
520457.json	6	9
520457.json	13	16
520457.json	8	14
520457.json	5	7
520457.json	5	4
262644.json	3	0
262644.json	4	3
262644.json	0	2
262644.json	5	3
262644.json	3	2
262644.json	3	2
262644.json	3	2
153937.json	8	6
153937.json	2	4
153937.json	1	2
153937.json	3	2
153937.json	2	5
122108.json	1	0
122108.json	2	1
122108.json	4	5
122108.json	5	2
122108.json	2	4
122108.json	2	6
122108.json	4	2
1075359.json	1	0
1075359.json	5	4
1075359.json	2	0
1075359.json	7	9
1075359.json	5	3
1075359.json	2	3
1075359.json	103	91
1075359.json	4	7
1075359.json	9	5
1075359.json	5	4
1075359.json	7	6
1075359.json	2	7
1075359.json	4	0
1075359.json	4	6
1075359.json	9	7
1075359.json	8	9
1323144.json	5	3
1323144.json	2	3
1323144.json	8	6
1323144.json	5	3
1323144.json	4	3
136893.json	3	2
136893.json	4	2
136893.json	9	8
136893.json	3	6
136893.json	4	3
136893.json	10	6
136893.json	4	3
136893.json	4	3
136893.json	8	7
1169640.json	6	5
1169640.json	7	5
1169640.json	6	10
1169640.json	16	19
1169640.json	14	12
1169640.json	8	11
1314956.json	2	3
1314956.json	3	1
1314956.json	1	2
1314956.json	0	2
1314956.json	0	2
1314956.json	2	0
1314956.json	0	4
1314956.json	2	3
1314956.json	5	4
1314956.json	2	1
1314956.json	3	4
1314956.json	0	1
1314956.json	2	3
1314956.json	2	1
1314956.json	13	10
1314956.json	8	6
1314956.json	7	8
1314956.json	9	5
1314956.json	9	10
1314956.json	6	5
1314956.json	2	4
1314956.json	6	8
1314956.json	5	10
1314956.json	4	5
68578.json	11	9
68578.json	9	11
68578.json	13	10
68578.json	5	8
68578.json	12	10
68578.json	4	6
68578.json	1	2
68578.json	2	3
68578.json	17	21
912074.json	6	3
912074.json	2	3
912074.json	2	3
87302.json	5	4
87302.json	1	0
87302.json	1	2
87302.json	4	5
87302.json	6	3
87302.json	5	6
87302.json	11	14
87302.json	19	20
87302.json	6	5
87302.json	2	5
87302.json	8	9
87302.json	2	3
87302.json	11	8
87302.json	3	2
87302.json	3	5
917990.json	2	3
917990.json	0	2
917990.json	3	2
917990.json	2	1
917990.json	5	4
917990.json	5	6
917990.json	4	5
917990.json	4	3
917990.json	2	4
917990.json	7	6
917990.json	6	9
917990.json	6	9
917990.json	7	6
9181.json	7	5
9181.json	13	15
9181.json	6	8
9181.json	10	8
9181.json	4	3
9181.json	15	11
9181.json	8	6
9181.json	4	6
9181.json	5	6
9181.json	4	7
9181.json	9	4
9181.json	1	2
9181.json	4	6
9181.json	2	4
9181.json	2	0
9181.json	6	8
9181.json	3	2
9181.json	0	1
970374.json	2	1
970374.json	3	4
970374.json	3	5
970374.json	3	2
970374.json	3	4
970374.json	2	4
970374.json	1	2
970374.json	5	2
970374.json	3	5
970374.json	2	3
970374.json	3	2
970374.json	0	5
970374.json	6	8
970374.json	7	8
970374.json	10	12
970374.json	7	11
970374.json	2	3
95853.json	3	4
95853.json	3	4
95853.json	2	8
95853.json	6	2
95853.json	1	3
95853.json	6	8
95853.json	2	1
95853.json	7	5
95853.json	2	4
95853.json	6	4
95853.json	11	9
95853.json	2	7
95853.json	2	1
95853.json	8	11
95853.json	3	5
95853.json	5	6
95853.json	0	5
95853.json	4	3
95853.json	3	1
95853.json	0	2
907410.json	7	9
907410.json	2	3
907410.json	6	7
907410.json	2	0
907410.json	5	1
907410.json	2	3
907410.json	4	3
907410.json	0	3
907410.json	2	3
907410.json	0	1
907410.json	6	2
907410.json	4	7
907410.json	5	3
907410.json	6	4
907410.json	2	4
907410.json	6	8
907410.json	1	3
907410.json	4	2
907410.json	6	4
95528.json	16	17
95528.json	14	12
95528.json	2	3
95528.json	14	11
95528.json	2	4
95528.json	11	13
95528.json	12	13
90960.json	7	5
90960.json	0	2
90960.json	18	24
90960.json	6	3
90960.json	3	5
90960.json	8	6
90960.json	8	7
90960.json	5	1
90960.json	2	4
90960.json	5	3
90960.json	3	1
90960.json	11	6
90960.json	11	8
860115.json	7	4
860115.json	2	3
860115.json	3	2
860115.json	5	7
860115.json	5	6
860115.json	3	5
96540.json	2	3
96540.json	6	5
96540.json	2	3
96540.json	3	6
96540.json	1	2
96540.json	4	3
911042.json	8	6
911042.json	4	3
911042.json	5	7
911042.json	5	7
911042.json	6	4
911042.json	8	9
911042.json	9	8
911042.json	1	2
911042.json	7	5
911042.json	10	9
911042.json	7	5
929321.json	4	2
929321.json	5	7
929321.json	5	4
929321.json	4	3
929321.json	7	9
929321.json	4	3
929321.json	7	9
929321.json	3	2
929321.json	8	6
929321.json	9	7
929321.json	6	5
87587.json	4	2
87587.json	5	4
87587.json	3	4
87587.json	7	5
87587.json	6	4
87587.json	6	3
87587.json	9	7
87587.json	11	9
9181.json	17	16
9181.json	8	7
9181.json	17	16
9181.json	8	7
1709546.json	11	9
1709546.json	9	7
1709546.json	7	5
1709546.json	11	9
1709546.json	9	7
1709546.json	7	5
9181.json	17	16
9181.json	8	7
1709546.json	11	9
1709546.json	9	7
1709546.json	7	5
9181.json	17	16
9181.json	8	7
1709546.json	11	9
1709546.json	9	7
1709546.json	7	5
1458876.json	16	14
744749.json	6	4
744749.json	10	8
744749.json	4	2
1324601.json	9	8
789283.json	12	10
1745169.json	6	5
794172.json	13	14
9181.json	17	16
9181.json	8	7
1709546.json	11	9
1709546.json	9	7
1709546.json	7	5
9181-1.json	17	16
9181-1.json	8	7
1709546-1.json	11	9
1709546-2.json	8	7
1709546-2.json	6	5
9181.json	17	16
9181.json	8	7
1709546.json	11	9
1709546.json	9	7
1709546.json	7	5
9181.json	17	16
9181.json	8	7
